<?xml version="1.0" encoding="UTF-8"?>
<!-- Generated by org.testng.reporters.JUnitXMLReporter -->
<testsuite ignored="0" hostname="Pops" failures="0" tests="3" name="ChromeTest" time="26.904" errors="0" timestamp="2026-04-20T16:23:22 IST">
  <testcase classname="Com.Test.Dataproviderdemo3" name="loginTest" time="3.747"/>
  <testcase classname="Com.Test.Dataproviderdemo3" name="loginTest" time="2.457"/>
  <testcase classname="Com.Test.Dataproviderdemo3" name="loginTest" time="2.612"/>
</testsuite> <!-- ChromeTest -->
