<?xml version="1.0" encoding="UTF-8"?>
<testng-results ignored="0" total="3" passed="3" failed="0" skipped="0">
  <reporter-output>
  </reporter-output>
  <suite started-at="2026-04-20T16:22:55 IST" name="Suite" finished-at="2026-04-20T16:23:22 IST" duration-ms="26904">
    <groups>
    </groups>
    <test started-at="2026-04-20T16:22:55 IST" name="ChromeTest" finished-at="2026-04-20T16:23:22 IST" duration-ms="26904">
      <class name="Com.Test.Dataproviderdemo3">
        <test-method is-config="true" signature="setUp()[pri:0, instance:Com.Test.Dataproviderdemo3@4c583ecf]" started-at="2026-04-20T16:22:55 IST" name="setUp" finished-at="2026-04-20T16:23:02 IST" duration-ms="6459" status="PASS">
          <reporter-output>
          </reporter-output>
        </test-method> <!-- setUp -->
        <test-method signature="loginTest(java.lang.String,java.lang.String,java.lang.String)[pri:0, instance:Com.Test.Dataproviderdemo3@4c583ecf]" started-at="2026-04-20T16:23:02 IST" name="loginTest" data-provider="loginData" finished-at="2026-04-20T16:23:05 IST" duration-ms="3747" status="PASS">
          <params>
            <param index="0">
              <value>
                <![CDATA[Malavicka]]>
              </value>
            </param>
            <param index="1">
              <value>
                <![CDATA[12345678]]>
              </value>
            </param>
            <param index="2">
              <value>
                <![CDATA[valid]]>
              </value>
            </param>
          </params>
          <reporter-output>
          </reporter-output>
        </test-method> <!-- loginTest -->
        <test-method is-config="true" signature="tearDown()[pri:0, instance:Com.Test.Dataproviderdemo3@4c583ecf]" started-at="2026-04-20T16:23:05 IST" name="tearDown" finished-at="2026-04-20T16:23:06 IST" duration-ms="534" status="PASS">
          <reporter-output>
          </reporter-output>
        </test-method> <!-- tearDown -->
        <test-method is-config="true" signature="setUp()[pri:0, instance:Com.Test.Dataproviderdemo3@4c583ecf]" started-at="2026-04-20T16:23:06 IST" name="setUp" finished-at="2026-04-20T16:23:11 IST" duration-ms="5180" status="PASS">
          <reporter-output>
          </reporter-output>
        </test-method> <!-- setUp -->
        <test-method signature="loginTest(java.lang.String,java.lang.String,java.lang.String)[pri:0, instance:Com.Test.Dataproviderdemo3@4c583ecf]" started-at="2026-04-20T16:23:11 IST" name="loginTest" data-provider="loginData" finished-at="2026-04-20T16:23:14 IST" duration-ms="2457" status="PASS">
          <params>
            <param index="0">
              <value>
                <![CDATA[wrongUser]]>
              </value>
            </param>
            <param index="1">
              <value>
                <![CDATA[12345678]]>
              </value>
            </param>
            <param index="2">
              <value>
                <![CDATA[invalidUser]]>
              </value>
            </param>
          </params>
          <reporter-output>
          </reporter-output>
        </test-method> <!-- loginTest -->
        <test-method is-config="true" signature="tearDown()[pri:0, instance:Com.Test.Dataproviderdemo3@4c583ecf]" started-at="2026-04-20T16:23:14 IST" name="tearDown" finished-at="2026-04-20T16:23:14 IST" duration-ms="393" status="PASS">
          <reporter-output>
          </reporter-output>
        </test-method> <!-- tearDown -->
        <test-method is-config="true" signature="setUp()[pri:0, instance:Com.Test.Dataproviderdemo3@4c583ecf]" started-at="2026-04-20T16:23:14 IST" name="setUp" finished-at="2026-04-20T16:23:19 IST" duration-ms="4953" status="PASS">
          <reporter-output>
          </reporter-output>
        </test-method> <!-- setUp -->
        <test-method signature="loginTest(java.lang.String,java.lang.String,java.lang.String)[pri:0, instance:Com.Test.Dataproviderdemo3@4c583ecf]" started-at="2026-04-20T16:23:19 IST" name="loginTest" data-provider="loginData" finished-at="2026-04-20T16:23:22 IST" duration-ms="2612" status="PASS">
          <params>
            <param index="0">
              <value>
                <![CDATA[Malavicka]]>
              </value>
            </param>
            <param index="1">
              <value>
                <![CDATA[wrongPass]]>
              </value>
            </param>
            <param index="2">
              <value>
                <![CDATA[invalidPassword]]>
              </value>
            </param>
          </params>
          <reporter-output>
          </reporter-output>
        </test-method> <!-- loginTest -->
        <test-method is-config="true" signature="tearDown()[pri:0, instance:Com.Test.Dataproviderdemo3@4c583ecf]" started-at="2026-04-20T16:23:22 IST" name="tearDown" finished-at="2026-04-20T16:23:22 IST" duration-ms="445" status="PASS">
          <reporter-output>
          </reporter-output>
        </test-method> <!-- tearDown -->
      </class> <!-- Com.Test.Dataproviderdemo3 -->
    </test> <!-- ChromeTest -->
  </suite> <!-- Suite -->
</testng-results>
