<?xml version="1.0" encoding="UTF-8"?>
<testng-results ignored="0" total="3" passed="3" failed="0" skipped="0">
  <reporter-output>
  </reporter-output>
  <suite started-at="2026-04-20T15:12:52 IST" name="Default suite" finished-at="2026-04-20T15:12:53 IST" duration-ms="189">
    <groups>
    </groups>
    <test started-at="2026-04-20T15:12:52 IST" name="Default test" finished-at="2026-04-20T15:12:53 IST" duration-ms="189">
      <class name="Com.Test.DPdemo">
        <test-method signature="demoTest(java.lang.String)[pri:0, instance:Com.Test.DPdemo@55b699ef]" started-at="2026-04-20T15:12:52 IST" name="demoTest" data-provider="testData" finished-at="2026-04-20T15:12:53 IST" duration-ms="26" status="PASS">
          <params>
            <param index="0">
              <value>
                <![CDATA[Selenium]]>
              </value>
            </param>
          </params>
          <reporter-output>
          </reporter-output>
        </test-method> <!-- demoTest -->
        <test-method signature="demoTest(java.lang.String)[pri:0, instance:Com.Test.DPdemo@55b699ef]" started-at="2026-04-20T15:12:52 IST" name="demoTest" data-provider="testData" finished-at="2026-04-20T15:12:53 IST" duration-ms="26" status="PASS">
          <params>
            <param index="0">
              <value>
                <![CDATA[TestNG]]>
              </value>
            </param>
          </params>
          <reporter-output>
          </reporter-output>
        </test-method> <!-- demoTest -->
        <test-method signature="demoTest(java.lang.String)[pri:0, instance:Com.Test.DPdemo@55b699ef]" started-at="2026-04-20T15:12:52 IST" name="demoTest" data-provider="testData" finished-at="2026-04-20T15:12:53 IST" duration-ms="21" status="PASS">
          <params>
            <param index="0">
              <value>
                <![CDATA[Automation]]>
              </value>
            </param>
          </params>
          <reporter-output>
          </reporter-output>
        </test-method> <!-- demoTest -->
      </class> <!-- Com.Test.DPdemo -->
    </test> <!-- Default test -->
  </suite> <!-- Default suite -->
</testng-results>
