<?xml version="1.0" encoding="UTF-8"?>
<!-- Generated by org.testng.reporters.JUnitReportReporter -->
<testsuite hostname="Pops" failures="0" tests="3" name="Com.Test.NewTest" time="19.645" errors="0" timestamp="2026-04-17T10:41:37 IST" skipped="0">
  <testcase classname="Com.Test.NewTest" name="validation" time="14.064"/>
  <testcase classname="Com.Test.NewTest" name="InvalidUserName" time="3.371"/>
  <testcase classname="Com.Test.NewTest" name="InvalidPassword" time="2.210"/>
</testsuite> <!-- Com.Test.NewTest -->
