<?xml version="1.0" encoding="UTF-8"?>
<!-- Generated by org.testng.reporters.JUnitReportReporter -->
<testsuite hostname="Pops" failures="0" tests="3" name="Com.Test.Dataproviderdemo3" time="26.780" errors="0" timestamp="2026-04-20T16:23:23 IST" skipped="0">
  <testcase classname="Com.Test.Dataproviderdemo3" name="loginTest" time="9.372"/>
  <testcase classname="Com.Test.Dataproviderdemo3" name="loginTest" time="9.464"/>
  <testcase classname="Com.Test.Dataproviderdemo3" name="loginTest" time="7.944"/>
</testsuite> <!-- Com.Test.Dataproviderdemo3 -->
