<?xml version="1.0" encoding="UTF-8"?>
<!-- Generated by org.testng.reporters.JUnitReportReporter -->
<testsuite hostname="Pops" failures="0" tests="5" name="Com.Test.groups" time="0.069" errors="0" timestamp="2026-04-17T12:25:02 IST" skipped="0">
  <testcase classname="Com.Test.groups" name="testMethod21ForGroupA" time="0.008"/>
  <testcase classname="Com.Test.groups" name="tetsMethod1ForGroupB" time="0.021"/>
  <testcase classname="Com.Test.groups" name="testMethod1ForGroupA" time="0.022"/>
  <testcase classname="Com.Test.groups" name="testMethod2ForGroupB" time="0.004"/>
  <testcase classname="Com.Test.groups" name="dependentTestOnGroupA" time="0.014"/>
</testsuite> <!-- Com.Test.groups -->
